2015-01-15 03:41:45.464+0000 INFO  [org.neo4j]: You are using an unsupported version of the Java runtime. Please use Oracle(R) Java(TM) Runtime Environment 7.
2015-01-15 03:41:45.567+0000 INFO  [org.neo4j]: --- INITIALIZED diagnostics START ---
2015-01-15 03:41:45.569+0000 INFO  [org.neo4j]: Neo4j Kernel properties:
    neostore.propertystore.db.strings.mapped_memory=1127M
    ephemeral=false
    neostore.nodestore.db.mapped_memory=368M
    store_dir=db/books
    neostore.propertystore.db.arrays.mapped_memory=1277M
    neostore.propertystore.db.mapped_memory=1326M
    neostore.relationshipstore.db.mapped_memory=1624M
2015-01-15 03:41:45.575+0000 INFO  [org.neo4j]: Diagnostics providers:
    org.neo4j.kernel.configuration.Config
    org.neo4j.kernel.info.DiagnosticsManager
    SYSTEM_MEMORY
    JAVA_MEMORY
    OPERATING_SYSTEM
    JAVA_VIRTUAL_MACHINE
    CLASSPATH
    LIBRARY_PATH
    SYSTEM_PROPERTIES
    NETWORK
2015-01-15 03:41:45.576+0000 INFO  [org.neo4j]: System memory information:
    Total Physical memory: 16.00 GB
    Free Physical memory: 8.73 GB
    Committed virtual memory: 7.86 GB
    Total swap space: 1.00 GB
    Free swap space: 1.00 GB
2015-01-15 03:41:45.580+0000 INFO  [org.neo4j]: JVM memory information:
    Free  memory: 231.42 MB
    Total memory: 245.50 MB
    Max   memory: 3.56 GB
    Garbage Collector: PS Scavenge: [PS Eden Space, PS Survivor Space]
    Garbage Collector: PS MarkSweep: [PS Eden Space, PS Survivor Space, PS Old Gen]
    Memory Pool: Code Cache (Non-heap memory): committed=2.44 MB, used=2.18 MB, max=240.00 MB, threshold=0.00 B
    Memory Pool: Metaspace (Non-heap memory): committed=6.38 MB, used=6.10 MB, max=-1.00 B, threshold=0.00 B
    Memory Pool: Compressed Class Space (Non-heap memory): committed=896.00 kB, used=793.85 kB, max=1.00 GB, threshold=0.00 B
    Memory Pool: PS Eden Space (Heap memory): committed=64.00 MB, used=14.08 MB, max=1.31 GB, threshold=?
    Memory Pool: PS Survivor Space (Heap memory): committed=10.50 MB, used=0.00 B, max=10.50 MB, threshold=?
    Memory Pool: PS Old Gen (Heap memory): committed=171.00 MB, used=0.00 B, max=2.67 GB, threshold=0.00 B
2015-01-15 03:41:45.584+0000 INFO  [org.neo4j]: Operating system information:
    Operating System: Mac OS X; version: 10.9.1; arch: x86_64; cpus: 8
    Max number of file descriptors: 10240
    Number of open file descriptors: 27
    Process id: 21006@Shivams-MacBook-Pro.local
    Byte order: LITTLE_ENDIAN
    Local timezone: America/Los_Angeles
2015-01-15 03:41:45.592+0000 INFO  [org.neo4j]: JVM information:
    VM Name: Java HotSpot(TM) 64-Bit Server VM
    VM Vendor: Oracle Corporation
    VM Version: 25.25-b02
    JIT compiler: HotSpot 64-Bit Tiered Compilers
    VM Arguments: [-Dfile.encoding=UTF-8]
2015-01-15 03:41:45.593+0000 INFO  [org.neo4j]: Java classpath:
     [loader.1] file:/System/Library/Java/Extensions/QTJava.zip
     [bootstrap] /Library/Java/JavaVirtualMachines/jdk1.8.0_25.jdk/Contents/Home/jre/lib/sunrsasign.jar
     [classpath + loader.0] file:/Users/shivamsinha/.m2/repository/org/parboiled/parboiled-core/1.1.6/parboiled-core-1.1.6.jar
     [loader.1] file:/Library/Java/JavaVirtualMachines/jdk1.8.0_25.jdk/Contents/Home/jre/lib/ext/sunpkcs11.jar
     [classpath + loader.0] file:/Users/shivamsinha/.m2/repository/org/neo4j/neo4j-cypher-compiler-2.0/2.0.0/neo4j-cypher-compiler-2.0-2.0.0.jar
     [classpath + loader.0] file:/Users/shivamsinha/.m2/repository/org/neo4j/neo4j-jmx/2.0.0/neo4j-jmx-2.0.0.jar
     [loader.1] file:/System/Library/Java/Extensions/libQTJNative.jnilib
     [loader.1] file:/Library/Java/JavaVirtualMachines/jdk1.8.0_25.jdk/Contents/Home/jre/lib/ext/cldrdata.jar
     [bootstrap] /Library/Java/JavaVirtualMachines/jdk1.8.0_25.jdk/Contents/Home/jre/lib/jce.jar
     [bootstrap] /Library/Java/JavaVirtualMachines/jdk1.8.0_25.jdk/Contents/Home/jre/lib/rt.jar
     [classpath + loader.0] file:/Users/shivamsinha/.m2/repository/org/neo4j/neo4j-graph-matching/2.0.0/neo4j-graph-matching-2.0.0.jar
     [loader.1] file:/Library/Java/JavaVirtualMachines/jdk1.8.0_25.jdk/Contents/Home/jre/lib/ext/dnsns.jar
     [classpath + loader.0] file:/Users/shivamsinha/.m2/repository/org/parboiled/parboiled-scala_2.10/1.1.6/parboiled-scala_2.10-1.1.6.jar
     [bootstrap] /Library/Java/JavaVirtualMachines/jdk1.8.0_25.jdk/Contents/Home/jre/lib/jfr.jar
     [classpath + loader.0] file:/Users/shivamsinha/.m2/repository/org/apache/lucene/lucene-core/3.6.2/lucene-core-3.6.2.jar
     [classpath + loader.0] file:/Users/shivamsinha/Desktop/Programming/workspace/Neo4J/target/classes/
     [classpath + loader.0] file:/Users/shivamsinha/.m2/repository/org/neo4j/neo4j-udc/2.0.0/neo4j-udc-2.0.0.jar
     [classpath + loader.0] file:/Users/shivamsinha/.m2/repository/org/neo4j/neo4j-cypher-compiler-1.9/2.0.0/neo4j-cypher-compiler-1.9-2.0.0.jar
     [loader.1] file:/Library/Java/JavaVirtualMachines/jdk1.8.0_25.jdk/Contents/Home/jre/lib/ext/sunec.jar
     [bootstrap] /Library/Java/JavaVirtualMachines/jdk1.8.0_25.jdk/Contents/Home/jre/classes
     [classpath + loader.0] file:/Users/shivamsinha/.m2/repository/org/neo4j/neo4j-cypher-commons/2.0.0/neo4j-cypher-commons-2.0.0.jar
     [loader.1] file:/Library/Java/JavaVirtualMachines/jdk1.8.0_25.jdk/Contents/Home/jre/lib/ext/jfxrt.jar
     [loader.1] file:/Library/Java/JavaVirtualMachines/jdk1.8.0_25.jdk/Contents/Home/jre/lib/ext/sunjce_provider.jar
     [classpath + loader.0] file:/Users/shivamsinha/.m2/repository/org/neo4j/neo4j/2.0.0/neo4j-2.0.0.jar
     [loader.1] file:/Library/Java/JavaVirtualMachines/jdk1.8.0_25.jdk/Contents/Home/jre/lib/ext/zipfs.jar
     [classpath + loader.0] file:/Users/shivamsinha/.m2/repository/org/neo4j/neo4j-kernel/2.0.0/neo4j-kernel-2.0.0.jar
     [bootstrap] /Library/Java/JavaVirtualMachines/jdk1.8.0_25.jdk/Contents/Home/jre/lib/resources.jar
     [bootstrap] /Library/Java/JavaVirtualMachines/jdk1.8.0_25.jdk/Contents/Home/jre/lib/charsets.jar
     [classpath + loader.0] file:/Users/shivamsinha/.m2/repository/com/googlecode/concurrentlinkedhashmap/concurrentlinkedhashmap-lru/1.3.1/concurrentlinkedhashmap-lru-1.3.1.jar
     [classpath + loader.0] file:/Users/shivamsinha/.m2/repository/org/apache/geronimo/specs/geronimo-jta_1.1_spec/1.1.1/geronimo-jta_1.1_spec-1.1.1.jar
     [classpath + loader.0] file:/Users/shivamsinha/.m2/repository/org/neo4j/neo4j-cypher/2.0.0/neo4j-cypher-2.0.0.jar
     [classpath + loader.0] file:/Users/shivamsinha/.m2/repository/org/scala-lang/scala-library/2.10.3/scala-library-2.10.3.jar
     [loader.1] file:/Library/Java/JavaVirtualMachines/jdk1.8.0_25.jdk/Contents/Home/jre/lib/ext/localedata.jar
     [classpath + loader.0] file:/Users/shivamsinha/.m2/repository/org/neo4j/neo4j-lucene-index/2.0.0/neo4j-lucene-index-2.0.0.jar
     [classpath + loader.0] file:/Users/shivamsinha/.m2/repository/org/neo4j/neo4j-graph-algo/2.0.0/neo4j-graph-algo-2.0.0.jar
     [loader.1] file:/System/Library/Java/Extensions/MRJToolkit.jar
     [loader.1] file:/Library/Java/JavaVirtualMachines/jdk1.8.0_25.jdk/Contents/Home/jre/lib/ext/nashorn.jar
     [bootstrap] /Library/Java/JavaVirtualMachines/jdk1.8.0_25.jdk/Contents/Home/jre/lib/jsse.jar
2015-01-15 03:41:45.594+0000 INFO  [org.neo4j]: Library path:
    /Users/shivamsinha/Library/Java/Extensions
    /Library/Java/Extensions
    /Network/Library/Java/Extensions
    /System/Library/Java/Extensions
    /usr/lib/java
    /Users/shivamsinha/Desktop/Programming/workspace/Neo4J
2015-01-15 03:41:45.594+0000 INFO  [org.neo4j]: System.properties:
    sun.boot.library.path = /Library/Java/JavaVirtualMachines/jdk1.8.0_25.jdk/Contents/Home/jre/lib
    gopherProxySet = false
    path.separator = :
    file.encoding.pkg = sun.io
    user.country = US
    sun.java.launcher = SUN_STANDARD
    sun.os.patch.level = unknown
    user.dir = /Users/shivamsinha/Desktop/Programming/workspace/Neo4J
    sun.jnu.encoding = UTF-8
    sun.management.compiler = HotSpot 64-Bit Tiered Compilers
    http.nonProxyHosts = local|*.local|169.254/16|*.169.254/16
    user.home = /Users/shivamsinha
    user.timezone = America/Los_Angeles
    file.encoding = UTF-8
    user.name = shivamsinha
    sun.java.command = com.packtpub.learningcypher.chapter2.App
    sun.arch.data.model = 64
    user.language = en
    awt.toolkit = sun.lwawt.macosx.LWCToolkit
    file.separator = /
    sun.io.unicode.encoding = UnicodeBig
    sun.cpu.endian = little
    socksNonProxyHosts = local|*.local|169.254/16|*.169.254/16
    ftp.nonProxyHosts = local|*.local|169.254/16|*.169.254/16
    sun.cpu.isalist = 
2015-01-15 03:41:45.595+0000 INFO  [org.neo4j]: Network information:
    Interface en0:
        address: 2601:9:4f00:b6:20a3:8de0:f3bf:bf5a
        address: 2601:9:4f00:b6:bae8:56ff:fe36:fe48
        address: fe80:0:0:0:bae8:56ff:fe36:fe48%en0
        address: 192.168.1.104
    Interface lo0:
        address: fe80:0:0:0:0:0:0:1%lo0
        address: 0:0:0:0:0:0:0:1
        address: 127.0.0.1
2015-01-15 03:41:45.597+0000 INFO  [org.neo4j]: --- INITIALIZED diagnostics END ---
2015-01-15 03:41:45.712+0000 INFO  [org.neo4j]: Creating new db @ db/books/neostore
2015-01-15 03:41:45.748+0000 INFO  [org.neo4j]: [db/books/neostore.relationshiptypestore.db.names] brickCount=0 brickSize=0b mappedMem=0b (storeSize=38b)
2015-01-15 03:41:45.750+0000 INFO  [org.neo4j]: [db/books/neostore.relationshiptypestore.db] brickCount=0 brickSize=0b mappedMem=0b (storeSize=0b)
2015-01-15 03:41:45.750+0000 INFO  [org.neo4j]: db/books/neostore.relationshiptypestore.db.names hit=0 miss=0 switches=0 ooe=0
2015-01-15 03:41:45.751+0000 INFO  [org.neo4j]: db/books/neostore.relationshiptypestore.db hit=0 miss=0 switches=0 ooe=0
2015-01-15 03:41:45.754+0000 INFO  [org.neo4j]: [db/books/neostore.labeltokenstore.db.names] brickCount=0 brickSize=0b mappedMem=0b (storeSize=38b)
2015-01-15 03:41:45.754+0000 INFO  [org.neo4j]: [db/books/neostore.labeltokenstore.db] brickCount=0 brickSize=0b mappedMem=0b (storeSize=0b)
2015-01-15 03:41:45.754+0000 INFO  [org.neo4j]: db/books/neostore.labeltokenstore.db.names hit=0 miss=0 switches=0 ooe=0
2015-01-15 03:41:45.755+0000 INFO  [org.neo4j]: db/books/neostore.labeltokenstore.db hit=0 miss=0 switches=0 ooe=0
2015-01-15 03:41:45.758+0000 INFO  [org.neo4j]: [db/books/neostore.relationshiptypestore.db.names] brickCount=0 brickSize=0b mappedMem=0b (storeSize=38b)
2015-01-15 03:41:45.758+0000 INFO  [org.neo4j]: [db/books/neostore.relationshiptypestore.db] brickCount=0 brickSize=0b mappedMem=0b (storeSize=0b)
2015-01-15 03:41:45.758+0000 INFO  [org.neo4j]: [db/books/neostore.labeltokenstore.db.names] brickCount=0 brickSize=0b mappedMem=0b (storeSize=38b)
2015-01-15 03:41:45.758+0000 INFO  [org.neo4j]: [db/books/neostore.labeltokenstore.db] brickCount=0 brickSize=0b mappedMem=0b (storeSize=0b)
2015-01-15 03:41:45.759+0000 INFO  [org.neo4j]: [db/books/neostore.propertystore.db.strings] brickCount=0 brickSize=1181696b mappedMem=1181745152b (storeSize=128b)
2015-01-15 03:41:45.759+0000 INFO  [org.neo4j]: [db/books/neostore.propertystore.db.index.keys] brickCount=0 brickSize=0b mappedMem=0b (storeSize=38b)
2015-01-15 03:41:45.759+0000 INFO  [org.neo4j]: [db/books/neostore.propertystore.db.index] brickCount=0 brickSize=0b mappedMem=0b (storeSize=0b)
2015-01-15 03:41:45.760+0000 INFO  [org.neo4j]: [db/books/neostore.propertystore.db.arrays] brickCount=0 brickSize=1339008b mappedMem=1339031552b (storeSize=128b)
2015-01-15 03:41:45.763+0000 INFO  [org.neo4j]: [db/books/neostore.propertystore.db] brickCount=0 brickSize=13904084b mappedMem=1390411776b (storeSize=0b)
2015-01-15 03:41:45.765+0000 INFO  [org.neo4j]: [db/books/neostore.relationshipstore.db] brickCount=0 brickSize=17028858b mappedMem=1702887424b (storeSize=0b)
2015-01-15 03:41:45.765+0000 INFO  [org.neo4j]: [db/books/neostore.nodestore.db.labels] brickCount=0 brickSize=0b mappedMem=0b (storeSize=68b)
2015-01-15 03:41:45.766+0000 INFO  [org.neo4j]: [db/books/neostore.nodestore.db] brickCount=0 brickSize=3858750b mappedMem=385875968b (storeSize=0b)
2015-01-15 03:41:45.766+0000 INFO  [org.neo4j]: [db/books/neostore.schemastore.db] brickCount=0 brickSize=0b mappedMem=0b (storeSize=64b)
2015-01-15 03:41:45.767+0000 INFO  [org.neo4j]: [db/books/neostore] brickCount=0 brickSize=0b mappedMem=0b (storeSize=0b)
2015-01-15 03:41:45.771+0000 INFO  [org.neo4j]: db/books/neostore.relationshiptypestore.db.names hit=0 miss=0 switches=0 ooe=0
2015-01-15 03:41:45.772+0000 INFO  [org.neo4j]: db/books/neostore.relationshiptypestore.db hit=0 miss=0 switches=0 ooe=0
2015-01-15 03:41:45.772+0000 INFO  [org.neo4j]: db/books/neostore.labeltokenstore.db.names hit=0 miss=0 switches=0 ooe=0
2015-01-15 03:41:45.774+0000 INFO  [org.neo4j]: db/books/neostore.labeltokenstore.db hit=0 miss=0 switches=0 ooe=0
2015-01-15 03:41:45.775+0000 INFO  [org.neo4j]: db/books/neostore.propertystore.db.strings hit=0 miss=0 switches=0 ooe=0
2015-01-15 03:41:45.776+0000 INFO  [org.neo4j]: db/books/neostore.propertystore.db.index.keys hit=0 miss=0 switches=0 ooe=0
2015-01-15 03:41:45.776+0000 INFO  [org.neo4j]: db/books/neostore.propertystore.db.index hit=0 miss=0 switches=0 ooe=0
2015-01-15 03:41:45.777+0000 INFO  [org.neo4j]: db/books/neostore.propertystore.db.arrays hit=0 miss=0 switches=0 ooe=0
2015-01-15 03:41:45.777+0000 INFO  [org.neo4j]: db/books/neostore.propertystore.db hit=0 miss=0 switches=0 ooe=0
2015-01-15 03:41:45.778+0000 INFO  [org.neo4j]: db/books/neostore.relationshipstore.db hit=0 miss=0 switches=0 ooe=0
2015-01-15 03:41:45.779+0000 INFO  [org.neo4j]: db/books/neostore.nodestore.db.labels hit=0 miss=0 switches=0 ooe=0
2015-01-15 03:41:45.780+0000 INFO  [org.neo4j]: db/books/neostore.nodestore.db hit=0 miss=0 switches=0 ooe=0
2015-01-15 03:41:45.780+0000 INFO  [org.neo4j]: db/books/neostore.schemastore.db hit=0 miss=0 switches=0 ooe=0
2015-01-15 03:41:45.781+0000 INFO  [org.neo4j]: db/books/neostore hit=0 miss=8 switches=0 ooe=0
2015-01-15 03:41:45.785+0000 INFO  [org.neo4j]: [db/books/neostore.relationshiptypestore.db.names] brickCount=0 brickSize=0b mappedMem=0b (storeSize=38b)
2015-01-15 03:41:45.785+0000 INFO  [org.neo4j]: [db/books/neostore.relationshiptypestore.db] brickCount=0 brickSize=0b mappedMem=0b (storeSize=0b)
2015-01-15 03:41:45.785+0000 INFO  [org.neo4j]: [db/books/neostore.labeltokenstore.db.names] brickCount=0 brickSize=0b mappedMem=0b (storeSize=38b)
2015-01-15 03:41:45.786+0000 INFO  [org.neo4j]: [db/books/neostore.labeltokenstore.db] brickCount=0 brickSize=0b mappedMem=0b (storeSize=0b)
2015-01-15 03:41:45.786+0000 INFO  [org.neo4j]: [db/books/neostore.propertystore.db.strings] brickCount=0 brickSize=1181696b mappedMem=1181745152b (storeSize=128b)
2015-01-15 03:41:45.786+0000 INFO  [org.neo4j]: [db/books/neostore.propertystore.db.index.keys] brickCount=0 brickSize=0b mappedMem=0b (storeSize=38b)
2015-01-15 03:41:45.786+0000 INFO  [org.neo4j]: [db/books/neostore.propertystore.db.index] brickCount=0 brickSize=0b mappedMem=0b (storeSize=0b)
2015-01-15 03:41:45.787+0000 INFO  [org.neo4j]: [db/books/neostore.propertystore.db.arrays] brickCount=0 brickSize=1339008b mappedMem=1339031552b (storeSize=128b)
2015-01-15 03:41:45.787+0000 INFO  [org.neo4j]: [db/books/neostore.propertystore.db] brickCount=0 brickSize=13904084b mappedMem=1390411776b (storeSize=0b)
2015-01-15 03:41:45.787+0000 INFO  [org.neo4j]: [db/books/neostore.relationshipstore.db] brickCount=0 brickSize=17028858b mappedMem=1702887424b (storeSize=0b)
2015-01-15 03:41:45.788+0000 INFO  [org.neo4j]: [db/books/neostore.nodestore.db.labels] brickCount=0 brickSize=0b mappedMem=0b (storeSize=68b)
2015-01-15 03:41:45.788+0000 INFO  [org.neo4j]: [db/books/neostore.nodestore.db] brickCount=0 brickSize=3858750b mappedMem=385875968b (storeSize=0b)
2015-01-15 03:41:45.788+0000 INFO  [org.neo4j]: [db/books/neostore.schemastore.db] brickCount=0 brickSize=0b mappedMem=0b (storeSize=64b)
2015-01-15 03:41:45.789+0000 INFO  [org.neo4j]: [db/books/neostore] brickCount=0 brickSize=0b mappedMem=0b (storeSize=63b)
2015-01-15 03:41:45.847+0000 INFO  [org.neo4j]: No lucene scan store index found, this might just be first use. Preparing to rebuild.
2015-01-15 03:41:45.868+0000 INFO  [org.neo4j]: No lucene scan store index found, this might just be first use. Preparing to rebuild.
2015-01-15 03:41:45.961+0000 INFO  [org.neo4j]: Opened logical log [db/books/nioneo_logical.log.1] version=0, lastTxId=1 (clean)
2015-01-15 03:41:45.964+0000 INFO  [org.neo4j]: Rebuilding lucene scan store, this may take a while
2015-01-15 03:41:45.964+0000 INFO  [org.neo4j]: Lucene scan store rebuilt (roughly -1 nodes)
2015-01-15 03:41:45.967+0000 INFO  [org.neo4j]: TM new log: tm_tx_log.1
2015-01-15 03:41:45.976+0000 INFO  [org.neo4j]: Opened logical log [db/books/index/lucene.log.1] version=0, lastTxId=1 (clean)
2015-01-15 03:41:45.981+0000 INFO  [org.neo4j]: --- STARTED diagnostics for KernelDiagnostics:Versions START ---
2015-01-15 03:41:45.981+0000 INFO  [org.neo4j]: Graph Database: org.neo4j.kernel.EmbeddedGraphDatabase StoreId[time:1421293305718, id:783769656786818375, store version: 13843131341501958]
2015-01-15 03:41:45.981+0000 INFO  [org.neo4j]: Kernel version: Neo4j - Graph Database Kernel (neo4j-kernel), version: 2.0.0
2015-01-15 03:41:45.981+0000 INFO  [org.neo4j]: Neo4j component versions:
2015-01-15 03:41:45.985+0000 INFO  [org.neo4j]:   Neo4j - Cypher Compiler 1.9 (neo4j-cypher-compiler-1.9), version: 2.0.0; revision: 2.0.0:master:601/5cfc38672446b92062b3bc209d584591968f1a0f
2015-01-15 03:41:45.985+0000 INFO  [org.neo4j]:   Neo4j Community (neo4j), version: 2.0.0; revision: 2.0.0:master:601/5cfc38672446b92062b3bc209d584591968f1a0f
2015-01-15 03:41:45.985+0000 INFO  [org.neo4j]:   Neo4j - Cypher Commons (neo4j-cypher-commons), version: 2.0.0; revision: 2.0.0:master:601/5cfc38672446b92062b3bc209d584591968f1a0f
2015-01-15 03:41:45.985+0000 INFO  [org.neo4j]:   neo4j-udc, version: 2.0.0; revision: 2.0.0:master:601/5cfc38672446b92062b3bc209d584591968f1a0f
2015-01-15 03:41:45.985+0000 INFO  [org.neo4j]:   Neo4j - Lucene Index (neo4j-lucene-index), version: 2.0.0; revision: 2.0.0:master:601/5cfc38672446b92062b3bc209d584591968f1a0f
2015-01-15 03:41:45.985+0000 INFO  [org.neo4j]:   Neo4j - Cypher Compiler 2.0 (neo4j-cypher-compiler-2.0), version: 2.0.0; revision: 2.0.0:master:601/5cfc38672446b92062b3bc209d584591968f1a0f
2015-01-15 03:41:45.985+0000 INFO  [org.neo4j]:   Neo4j - Graph Database Kernel (neo4j-kernel), version: 2.0.0; revision: 2.0.0:master:601/5cfc38672446b92062b3bc209d584591968f1a0f
2015-01-15 03:41:45.985+0000 INFO  [org.neo4j]:   Neo4j - Graph Matching (neo4j-graph-matching), version: 2.0.0; revision: 2.0.0:master:601/5cfc38672446b92062b3bc209d584591968f1a0f
2015-01-15 03:41:45.985+0000 INFO  [org.neo4j]:   Neo4j - JMX support (neo4j-jmx), version: 2.0.0; revision: 2.0.0:master:601/5cfc38672446b92062b3bc209d584591968f1a0f
2015-01-15 03:41:45.985+0000 INFO  [org.neo4j]:   Neo4j - Cypher (neo4j-cypher), version: 2.0.0; revision: 2.0.0:master:601/5cfc38672446b92062b3bc209d584591968f1a0f
2015-01-15 03:41:45.985+0000 INFO  [org.neo4j]:   Neo4j - Graph Algorithms (neo4j-graph-algo), version: 2.0.0; revision: 2.0.0:master:601/5cfc38672446b92062b3bc209d584591968f1a0f
2015-01-15 03:41:45.985+0000 INFO  [org.neo4j]: --- STARTED diagnostics for KernelDiagnostics:Versions END ---
2015-01-15 03:41:45.987+0000 INFO  [org.neo4j]: --- STARTED diagnostics for NEO_STORE_VERSIONS START ---
2015-01-15 03:41:45.987+0000 INFO  [org.neo4j]: Store versions:
    Store versions:
      NeoStore v0.A.1
      SchemaStore v0.A.1
      NodeStore v0.A.1
      RelationshipStore v0.A.1
      RelationshipTypeStore v0.A.1
      LabelTokenStore v0.A.1
      PropertyStore v0.A.1
      PropertyIndexStore v0.A.1
      StringPropertyStore v0.A.1
      ArrayPropertyStore v0.A.1
2015-01-15 03:41:45.987+0000 INFO  [org.neo4j]: --- STARTED diagnostics for NEO_STORE_VERSIONS END ---
2015-01-15 03:41:45.987+0000 INFO  [org.neo4j]: --- STARTED diagnostics for NEO_STORE_ID_USAGE START ---
2015-01-15 03:41:45.988+0000 INFO  [org.neo4j]: Id usage:
    Id usage:
      SchemaStore: used=1 high=0
      NodeStore: used=0 high=-1
      RelationshipStore: used=0 high=-1
      RelationshipTypeStore: used=0 high=-1
      LabelTokenStore: used=0 high=-1
      PropertyStore: used=0 high=-1
      PropertyIndexStore: used=0 high=-1
      StringPropertyStore: used=1 high=0
      ArrayPropertyStore: used=1 high=0
2015-01-15 03:41:45.988+0000 INFO  [org.neo4j]: --- STARTED diagnostics for NEO_STORE_ID_USAGE END ---
2015-01-15 03:41:45.988+0000 INFO  [org.neo4j]: --- STARTED diagnostics for PERSISTENCE_WINDOW_POOL_STATS START ---
2015-01-15 03:41:45.988+0000 INFO  [org.neo4j]: --- STARTED diagnostics for PERSISTENCE_WINDOW_POOL_STATS END ---
2015-01-15 03:41:45.988+0000 INFO  [org.neo4j]: --- STARTED diagnostics for KernelDiagnostics:StoreFiles START ---
2015-01-15 03:41:45.989+0000 INFO  [org.neo4j]: Disk space on partition (Total / Free / Free %): 499418030080 / 428735295488 / 85
Storage files: (filename : modification date - size)
      active_tx_log: 2015-01-14T19:41:45-0800 - 11.00 B
      index:
        lucene-store.db: 2015-01-14T19:41:45-0800 - 40.00 B
        lucene.log.1: 2015-01-14T19:41:45-0800 - 16.00 B
        lucene.log.active: 2015-01-14T19:41:45-0800 - 4.00 B
      - Total: 2015-01-14T19:41:45-0800 - 60.00 B
      lock: 2015-01-14T19:41:45-0800 - 0.00 B
      messages.log: 2015-01-14T19:41:45-0800 - 19.90 kB
      neostore: 2015-01-14T19:41:45-0800 - 63.00 B
      neostore.id: 2015-01-14T19:41:45-0800 - 9.00 B
      neostore.labeltokenstore.db: 2015-01-14T19:41:45-0800 - 0.00 B
      neostore.labeltokenstore.db.id: 2015-01-14T19:41:45-0800 - 9.00 B
      neostore.labeltokenstore.db.names: 2015-01-14T19:41:45-0800 - 38.00 B
      neostore.labeltokenstore.db.names.id: 2015-01-14T19:41:45-0800 - 9.00 B
      neostore.nodestore.db: 2015-01-14T19:41:45-0800 - 0.00 B
      neostore.nodestore.db.id: 2015-01-14T19:41:45-0800 - 9.00 B
      neostore.nodestore.db.labels: 2015-01-14T19:41:45-0800 - 68.00 B
      neostore.nodestore.db.labels.id: 2015-01-14T19:41:45-0800 - 9.00 B
      neostore.propertystore.db: 2015-01-14T19:41:45-0800 - 0.00 B
      neostore.propertystore.db.arrays: 2015-01-14T19:41:45-0800 - 128.00 B
      neostore.propertystore.db.arrays.id: 2015-01-14T19:41:45-0800 - 9.00 B
      neostore.propertystore.db.id: 2015-01-14T19:41:45-0800 - 9.00 B
      neostore.propertystore.db.index: 2015-01-14T19:41:45-0800 - 0.00 B
      neostore.propertystore.db.index.id: 2015-01-14T19:41:45-0800 - 9.00 B
      neostore.propertystore.db.index.keys: 2015-01-14T19:41:45-0800 - 38.00 B
      neostore.propertystore.db.index.keys.id: 2015-01-14T19:41:45-0800 - 9.00 B
      neostore.propertystore.db.strings: 2015-01-14T19:41:45-0800 - 128.00 B
      neostore.propertystore.db.strings.id: 2015-01-14T19:41:45-0800 - 9.00 B
      neostore.relationshipstore.db: 2015-01-14T19:41:45-0800 - 0.00 B
      neostore.relationshipstore.db.id: 2015-01-14T19:41:45-0800 - 9.00 B
      neostore.relationshiptypestore.db: 2015-01-14T19:41:45-0800 - 0.00 B
      neostore.relationshiptypestore.db.id: 2015-01-14T19:41:45-0800 - 9.00 B
      neostore.relationshiptypestore.db.names: 2015-01-14T19:41:45-0800 - 38.00 B
      neostore.relationshiptypestore.db.names.id: 2015-01-14T19:41:45-0800 - 9.00 B
      neostore.schemastore.db: 2015-01-14T19:41:45-0800 - 64.00 B
      neostore.schemastore.db.id: 2015-01-14T19:41:45-0800 - 9.00 B
      nioneo_logical.log.1: 2015-01-14T19:41:45-0800 - 16.00 B
      nioneo_logical.log.active: 2015-01-14T19:41:45-0800 - 4.00 B
      schema:
        label:
          lucene:
            write.lock: 2015-01-14T19:41:45-0800 - 0.00 B
          - Total: 2015-01-14T19:41:45-0800 - 0.00 B
        - Total: 2015-01-14T19:41:45-0800 - 0.00 B
      - Total: 2015-01-14T19:41:45-0800 - 0.00 B
      store_lock: 2015-01-14T19:41:45-0800 - 0.00 B
      tm_tx_log.1: 2015-01-14T19:41:45-0800 - 0.00 B
